operit-plugin/build/intermediates/manifest_merge_blame_file/debug/processDebugMainManifest/manifest-merger-blame-debug-report.txt
1<?xml version="1.0" encoding="utf-8"?>
2<manifest xmlns:android="http://schemas.android.com/apk/res/android"
3    package="com.operit.plugin"
4    android:versionCode="1"
5    android:versionName="1.0.0" >
6
7    <uses-sdk
8        android:minSdkVersion="24"
9        android:targetSdkVersion="35" />
10
11    <!-- === CORE PERMISSIONS === -->
12    <uses-permission android:name="android.permission.INTERNET" />
12-->src/main/AndroidManifest.xml:6:5-67
12-->src/main/AndroidManifest.xml:6:22-64
13    <uses-permission android:name="android.permission.ACCESS_NETWORK_STATE" />
13-->src/main/AndroidManifest.xml:7:5-79
13-->src/main/AndroidManifest.xml:7:22-76
14    <uses-permission android:name="android.permission.ACCESS_WIFI_STATE" />
14-->src/main/AndroidManifest.xml:8:5-76
14-->src/main/AndroidManifest.xml:8:22-73
15
16    <!-- === DEVICE INFO PERMISSIONS === -->
17    <uses-permission android:name="android.permission.READ_PHONE_STATE" />
17-->src/main/AndroidManifest.xml:11:5-75
17-->src/main/AndroidManifest.xml:11:22-72
18    <uses-permission android:name="android.permission.BATTERY_STATS" />
18-->src/main/AndroidManifest.xml:12:5-72
18-->src/main/AndroidManifest.xml:12:22-69
19    <uses-permission android:name="android.permission.BLUETOOTH" />
19-->src/main/AndroidManifest.xml:13:5-68
19-->src/main/AndroidManifest.xml:13:22-65
20    <uses-permission android:name="android.permission.BLUETOOTH_ADMIN" />
20-->src/main/AndroidManifest.xml:14:5-74
20-->src/main/AndroidManifest.xml:14:22-71
21
22    <!-- === FLASHLIGHT === -->
23    <uses-permission android:name="android.permission.CAMERA" />
23-->src/main/AndroidManifest.xml:17:5-65
23-->src/main/AndroidManifest.xml:17:22-62
24
25    <uses-feature
25-->src/main/AndroidManifest.xml:18:5-85
26        android:name="android.hardware.camera"
26-->src/main/AndroidManifest.xml:18:19-57
27        android:required="false" />
27-->src/main/AndroidManifest.xml:18:58-82
28
29    <!-- === SMS === -->
30    <uses-permission android:name="android.permission.SEND_SMS" />
30-->src/main/AndroidManifest.xml:21:5-67
30-->src/main/AndroidManifest.xml:21:22-64
31    <uses-permission android:name="android.permission.READ_SMS" />
31-->src/main/AndroidManifest.xml:22:5-67
31-->src/main/AndroidManifest.xml:22:22-64
32    <uses-permission android:name="android.permission.RECEIVE_SMS" />
32-->src/main/AndroidManifest.xml:23:5-70
32-->src/main/AndroidManifest.xml:23:22-67
33
34    <!-- === PHONE === -->
35    <uses-permission android:name="android.permission.CALL_PHONE" />
35-->src/main/AndroidManifest.xml:26:5-69
35-->src/main/AndroidManifest.xml:26:22-66
36    <uses-permission android:name="android.permission.READ_CALL_LOG" />
36-->src/main/AndroidManifest.xml:27:5-72
36-->src/main/AndroidManifest.xml:27:22-69
37
38    <!-- === STORAGE === -->
39    <uses-permission android:name="android.permission.READ_EXTERNAL_STORAGE" />
39-->src/main/AndroidManifest.xml:30:5-80
39-->src/main/AndroidManifest.xml:30:22-77
40    <uses-permission android:name="android.permission.WRITE_EXTERNAL_STORAGE" />
40-->src/main/AndroidManifest.xml:31:5-81
40-->src/main/AndroidManifest.xml:31:22-78
41    <uses-permission android:name="android.permission.MANAGE_EXTERNAL_STORAGE" />
41-->src/main/AndroidManifest.xml:32:5-33:40
41-->src/main/AndroidManifest.xml:32:22-79
42
43    <!-- === LOCATION === -->
44    <uses-permission android:name="android.permission.ACCESS_FINE_LOCATION" />
44-->src/main/AndroidManifest.xml:36:5-79
44-->src/main/AndroidManifest.xml:36:22-76
45    <uses-permission android:name="android.permission.ACCESS_COARSE_LOCATION" />
45-->src/main/AndroidManifest.xml:37:5-81
45-->src/main/AndroidManifest.xml:37:22-78
46
47    <!-- === AUDIO === -->
48    <uses-permission android:name="android.permission.RECORD_AUDIO" />
48-->src/main/AndroidManifest.xml:40:5-71
48-->src/main/AndroidManifest.xml:40:22-68
49    <uses-permission android:name="android.permission.MODIFY_AUDIO_SETTINGS" />
49-->src/main/AndroidManifest.xml:41:5-80
49-->src/main/AndroidManifest.xml:41:22-77
50
51    <!-- === NOTIFICATIONS === -->
52    <uses-permission android:name="android.permission.POST_NOTIFICATIONS" />
52-->src/main/AndroidManifest.xml:44:5-77
52-->src/main/AndroidManifest.xml:44:22-74
53    <uses-permission android:name="android.permission.BIND_NOTIFICATION_LISTENER_SERVICE" />
53-->src/main/AndroidManifest.xml:45:5-46:47
53-->src/main/AndroidManifest.xml:45:22-90
54
55    <!-- === WIFI / NETWORK === -->
56    <uses-permission android:name="android.permission.CHANGE_WIFI_STATE" />
56-->src/main/AndroidManifest.xml:49:5-76
56-->src/main/AndroidManifest.xml:49:22-73
57    <uses-permission android:name="android.permission.CHANGE_NETWORK_STATE" />
57-->src/main/AndroidManifest.xml:50:5-79
57-->src/main/AndroidManifest.xml:50:22-76
58
59    <permission
59-->[androidx.core:core:1.16.0] AndroidManifest.xml:22:5-24:47
60        android:name="com.operit.plugin.DYNAMIC_RECEIVER_NOT_EXPORTED_PERMISSION"
60-->[androidx.core:core:1.16.0] AndroidManifest.xml:23:9-81
61        android:protectionLevel="signature" />
61-->[androidx.core:core:1.16.0] AndroidManifest.xml:24:9-44
62
63    <uses-permission android:name="com.operit.plugin.DYNAMIC_RECEIVER_NOT_EXPORTED_PERMISSION" />
63-->[androidx.core:core:1.16.0] AndroidManifest.xml:26:5-97
63-->[androidx.core:core:1.16.0] AndroidManifest.xml:26:22-94
64
65    <application
65-->src/main/AndroidManifest.xml:52:5-99:19
66        android:name="com.operit.plugin.OperitPluginApplication"
66-->src/main/AndroidManifest.xml:53:9-48
67        android:allowBackup="false"
67-->src/main/AndroidManifest.xml:54:9-36
68        android:appComponentFactory="androidx.core.app.CoreComponentFactory"
68-->[androidx.core:core:1.16.0] AndroidManifest.xml:28:18-86
69        android:debuggable="true"
70        android:extractNativeLibs="false"
71        android:label="@string/app_name"
71-->src/main/AndroidManifest.xml:55:9-41
72        android:requestLegacyExternalStorage="true"
72-->src/main/AndroidManifest.xml:58:9-52
73        android:supportsRtl="true"
73-->src/main/AndroidManifest.xml:56:9-35
74        android:theme="@style/Theme.OperitPlugin" >
74-->src/main/AndroidManifest.xml:57:9-50
75
76        <!-- Main UI Activity -->
77        <activity
77-->src/main/AndroidManifest.xml:62:9-70:20
78            android:name="com.operit.plugin.MainActivity"
78-->src/main/AndroidManifest.xml:63:13-41
79            android:exported="true"
79-->src/main/AndroidManifest.xml:64:13-36
80            android:theme="@style/Theme.OperitPlugin" >
80-->src/main/AndroidManifest.xml:65:13-54
81            <intent-filter>
81-->src/main/AndroidManifest.xml:66:13-69:29
82                <action android:name="android.intent.action.MAIN" />
82-->src/main/AndroidManifest.xml:67:17-69
82-->src/main/AndroidManifest.xml:67:25-66
83
84                <category android:name="android.intent.category.LAUNCHER" />
84-->src/main/AndroidManifest.xml:68:17-77
84-->src/main/AndroidManifest.xml:68:27-74
85            </intent-filter>
86        </activity>
87
88        <!-- Background Service for HTTP API -->
89        <service
89-->src/main/AndroidManifest.xml:73:9-77:56
90            android:name="com.operit.plugin.OperitApiService"
90-->src/main/AndroidManifest.xml:74:13-45
91            android:enabled="true"
91-->src/main/AndroidManifest.xml:75:13-35
92            android:exported="false"
92-->src/main/AndroidManifest.xml:76:13-37
93            android:foregroundServiceType="dataSync" />
93-->src/main/AndroidManifest.xml:77:13-53
94
95        <!-- Broadcast Receiver for Intent-based API access -->
96        <receiver
96-->src/main/AndroidManifest.xml:80:9-86:20
97            android:name="com.operit.plugin.OperitApiReceiver"
97-->src/main/AndroidManifest.xml:81:13-46
98            android:exported="true" >
98-->src/main/AndroidManifest.xml:82:13-36
99            <intent-filter>
99-->src/main/AndroidManifest.xml:83:13-85:29
100                <action android:name="com.operit.plugin.API_REQUEST" />
100-->src/main/AndroidManifest.xml:84:17-72
100-->src/main/AndroidManifest.xml:84:25-69
101            </intent-filter>
102        </receiver>
103
104        <!-- Provider for file sharing -->
105        <provider
106            android:name="androidx.core.content.FileProvider"
106-->src/main/AndroidManifest.xml:90:13-62
107            android:authorities="com.operit.plugin.fileprovider"
107-->src/main/AndroidManifest.xml:91:13-64
108            android:exported="false"
108-->src/main/AndroidManifest.xml:92:13-37
109            android:grantUriPermissions="true" >
109-->src/main/AndroidManifest.xml:93:13-47
110            <meta-data
110-->src/main/AndroidManifest.xml:94:13-96:54
111                android:name="android.support.FILE_PROVIDER_PATHS"
111-->src/main/AndroidManifest.xml:95:17-67
112                android:resource="@xml/file_paths" />
112-->src/main/AndroidManifest.xml:96:17-51
113        </provider>
114
115        <activity
115-->[androidx.compose.ui:ui-tooling-android:1.10.2] AndroidManifest.xml:23:9-25:39
116            android:name="androidx.compose.ui.tooling.PreviewActivity"
116-->[androidx.compose.ui:ui-tooling-android:1.10.2] AndroidManifest.xml:24:13-71
117            android:exported="true" />
117-->[androidx.compose.ui:ui-tooling-android:1.10.2] AndroidManifest.xml:25:13-36
118
119        <provider
119-->[androidx.emoji2:emoji2:1.4.0] AndroidManifest.xml:24:9-32:20
120            android:name="androidx.startup.InitializationProvider"
120-->[androidx.emoji2:emoji2:1.4.0] AndroidManifest.xml:25:13-67
121            android:authorities="com.operit.plugin.androidx-startup"
121-->[androidx.emoji2:emoji2:1.4.0] AndroidManifest.xml:26:13-68
122            android:exported="false" >
122-->[androidx.emoji2:emoji2:1.4.0] AndroidManifest.xml:27:13-37
123            <meta-data
123-->[androidx.emoji2:emoji2:1.4.0] AndroidManifest.xml:29:13-31:52
124                android:name="androidx.emoji2.text.EmojiCompatInitializer"
124-->[androidx.emoji2:emoji2:1.4.0] AndroidManifest.xml:30:17-75
125                android:value="androidx.startup" />
125-->[androidx.emoji2:emoji2:1.4.0] AndroidManifest.xml:31:17-49
126            <meta-data
126-->[androidx.lifecycle:lifecycle-process:2.9.4] AndroidManifest.xml:29:13-31:52
127                android:name="androidx.lifecycle.ProcessLifecycleInitializer"
127-->[androidx.lifecycle:lifecycle-process:2.9.4] AndroidManifest.xml:30:17-78
128                android:value="androidx.startup" />
128-->[androidx.lifecycle:lifecycle-process:2.9.4] AndroidManifest.xml:31:17-49
129            <meta-data
129-->[androidx.profileinstaller:profileinstaller:1.4.0] AndroidManifest.xml:29:13-31:52
130                android:name="androidx.profileinstaller.ProfileInstallerInitializer"
130-->[androidx.profileinstaller:profileinstaller:1.4.0] AndroidManifest.xml:30:17-85
131                android:value="androidx.startup" />
131-->[androidx.profileinstaller:profileinstaller:1.4.0] AndroidManifest.xml:31:17-49
132        </provider>
133
134        <uses-library
134-->[androidx.window:window:1.5.0] AndroidManifest.xml:23:9-25:40
135            android:name="androidx.window.extensions"
135-->[androidx.window:window:1.5.0] AndroidManifest.xml:24:13-54
136            android:required="false" />
136-->[androidx.window:window:1.5.0] AndroidManifest.xml:25:13-37
137        <uses-library
137-->[androidx.window:window:1.5.0] AndroidManifest.xml:26:9-28:40
138            android:name="androidx.window.sidecar"
138-->[androidx.window:window:1.5.0] AndroidManifest.xml:27:13-51
139            android:required="false" />
139-->[androidx.window:window:1.5.0] AndroidManifest.xml:28:13-37
140
141        <receiver
141-->[androidx.profileinstaller:profileinstaller:1.4.0] AndroidManifest.xml:34:9-52:20
142            android:name="androidx.profileinstaller.ProfileInstallReceiver"
142-->[androidx.profileinstaller:profileinstaller:1.4.0] AndroidManifest.xml:35:13-76
143            android:directBootAware="false"
143-->[androidx.profileinstaller:profileinstaller:1.4.0] AndroidManifest.xml:36:13-44
144            android:enabled="true"
144-->[androidx.profileinstaller:profileinstaller:1.4.0] AndroidManifest.xml:37:13-35
145            android:exported="true"
145-->[androidx.profileinstaller:profileinstaller:1.4.0] AndroidManifest.xml:38:13-36
146            android:permission="android.permission.DUMP" >
146-->[androidx.profileinstaller:profileinstaller:1.4.0] AndroidManifest.xml:39:13-57
147            <intent-filter>
147-->[androidx.profileinstaller:profileinstaller:1.4.0] AndroidManifest.xml:40:13-42:29
148                <action android:name="androidx.profileinstaller.action.INSTALL_PROFILE" />
148-->[androidx.profileinstaller:profileinstaller:1.4.0] AndroidManifest.xml:41:17-91
148-->[androidx.profileinstaller:profileinstaller:1.4.0] AndroidManifest.xml:41:25-88
149            </intent-filter>
150            <intent-filter>
150-->[androidx.profileinstaller:profileinstaller:1.4.0] AndroidManifest.xml:43:13-45:29
151                <action android:name="androidx.profileinstaller.action.SKIP_FILE" />
151-->[androidx.profileinstaller:profileinstaller:1.4.0] AndroidManifest.xml:44:17-85
151-->[androidx.profileinstaller:profileinstaller:1.4.0] AndroidManifest.xml:44:25-82
152            </intent-filter>
153            <intent-filter>
153-->[androidx.profileinstaller:profileinstaller:1.4.0] AndroidManifest.xml:46:13-48:29
154                <action android:name="androidx.profileinstaller.action.SAVE_PROFILE" />
154-->[androidx.profileinstaller:profileinstaller:1.4.0] AndroidManifest.xml:47:17-88
154-->[androidx.profileinstaller:profileinstaller:1.4.0] AndroidManifest.xml:47:25-85
155            </intent-filter>
156            <intent-filter>
156-->[androidx.profileinstaller:profileinstaller:1.4.0] AndroidManifest.xml:49:13-51:29
157                <action android:name="androidx.profileinstaller.action.BENCHMARK_OPERATION" />
157-->[androidx.profileinstaller:profileinstaller:1.4.0] AndroidManifest.xml:50:17-95
157-->[androidx.profileinstaller:profileinstaller:1.4.0] AndroidManifest.xml:50:25-92
158            </intent-filter>
159        </receiver>
160    </application>
161
162</manifest>